--2026-01-28 05:09:56--  https://www.wikidata.org/wiki/Special:EntityData/Q1771121.json
Resolving www.wikidata.org (www.wikidata.org)... 208.80.153.224, 2620:0:860:ed1a::1
Connecting to www.wikidata.org (www.wikidata.org)|208.80.153.224|:443... connected.
HTTP request sent, awaiting response... 
  HTTP/1.1 200 OK
  date: Wed, 28 Jan 2026 05:09:56 GMT
  server: mw-web.codfw.main-759dc94748-hwkw4
  x-content-type-options: nosniff
  accept-ch: 
  access-control-allow-origin: *
  content-security-policy: default-src 'self'; script-src 'none'; object-src 'none'
  x-frame-options: DENY
  last-modified: Wed, 27 Aug 2025 18:09:28 GMT
  content-type: application/json; charset=UTF-8
  age: 0
  x-cache: cp2033 miss, cp2041 pass
  x-cache-status: pass
  server-timing: cache;desc="pass", host;desc="cp2041"
  strict-transport-security: max-age=106384710; includeSubDomains; preload
  report-to: { "group": "wm_nel", "max_age": 604800, "endpoints": [{ "url": "https://intake-logging.wikimedia.org/v1/events?stream=w3c.reportingapi.network_error&schema_uri=/w3c/reportingapi/network_error/1.0.0" }] }
  nel: { "report_to": "wm_nel", "max_age": 604800, "failure_fraction": 0.05, "success_fraction": 0.0}
  set-cookie: WMF-Last-Access=28-Jan-2026;Path=/;HttpOnly;secure;Expires=Sun, 01 Mar 2026 00:00:00 GMT
  set-cookie: WMF-Last-Access-Global=28-Jan-2026;Path=/;Domain=.wikidata.org;HttpOnly;secure;Expires=Sun, 01 Mar 2026 00:00:00 GMT
  x-client-ip: 34.173.33.88
  cache-control: private, s-maxage=0, max-age=0, must-revalidate, no-transform
  vary: Accept-Encoding,User-Agent
  set-cookie: GeoIP=US:IA:Council_Bluffs:41.26:-95.85:v4; Path=/; secure; Domain=.wikidata.org
  set-cookie: NetworkProbeLimit=0.001;Path=/;Secure;SameSite=None;Max-Age=3600
  set-cookie: WMF-Uniq=IdVsZIRqXz2cn0cFSVSfugL2AAAAAFvdn_T3XQF-7AVUw3R0ijfkmwGrNrr7abDL;Domain=.wikidata.org;Path=/;HttpOnly;secure;SameSite=None;Expires=Thu, 28 Jan 2027 00:00:00 GMT
  transfer-encoding: chunked
  x-request-id: 6d681aab-6984-40cd-b7e3-508fb05b6f0a
  x-analytics: 
Length: unspecified [application/json]
Saving to: ‘/home/engine/project/data/semantic-web-snapshots/wikidata/Q1771121_Sequent_calculus.json’

     0K .........                                              1.13G=0s

2026-01-28 05:09:56 (1.13 GB/s) - ‘/home/engine/project/data/semantic-web-snapshots/wikidata/Q1771121_Sequent_calculus.json’ saved [10145]

