--2026-01-28 05:10:14--  https://www.wikidata.org/wiki/Special:EntityData/Q7049221.json
Resolving www.wikidata.org (www.wikidata.org)... 208.80.153.224, 2620:0:861:ed1a::1
Connecting to www.wikidata.org (www.wikidata.org)|208.80.153.224|:443... connected.
HTTP request sent, awaiting response... 
  HTTP/1.1 200 OK
  date: Wed, 28 Jan 2026 05:10:14 GMT
  server: mw-web.codfw.main-759dc94748-rsckd
  x-content-type-options: nosniff
  accept-ch: 
  access-control-allow-origin: *
  content-security-policy: default-src 'self'; script-src 'none'; object-src 'none'
  x-frame-options: DENY
  last-modified: Sat, 04 Jan 2025 03:57:03 GMT
  content-type: application/json; charset=UTF-8
  age: 2
  x-cache: cp2033 miss, cp2041 pass
  x-cache-status: pass
  server-timing: cache;desc="pass", host;desc="cp2041"
  strict-transport-security: max-age=106384710; includeSubDomains; preload
  report-to: { "group": "wm_nel", "max_age": 604800, "endpoints": [{ "url": "https://intake-logging.wikimedia.org/v1/events?stream=w3c.reportingapi.network_error&schema_uri=/w3c/reportingapi/network_error/1.0.0" }] }
  nel: { "report_to": "wm_nel", "max_age": 604800, "failure_fraction": 0.05, "success_fraction": 0.0}
  set-cookie: WMF-Last-Access=28-Jan-2026;Path=/;HttpOnly;secure;Expires=Sun, 01 Mar 2026 00:00:00 GMT
  set-cookie: WMF-Last-Access-Global=28-Jan-2026;Path=/;Domain=.wikidata.org;HttpOnly;secure;Expires=Sun, 01 Mar 2026 00:00:00 GMT
  x-client-ip: 34.173.33.88
  cache-control: private, s-maxage=0, max-age=0, must-revalidate, no-transform
  vary: Accept-Encoding,User-Agent
  set-cookie: GeoIP=US:IA:Council_Bluffs:41.26:-95.85:v4; Path=/; secure; Domain=.wikidata.org
  set-cookie: NetworkProbeLimit=0.001;Path=/;Secure;SameSite=None;Max-Age=3600
  set-cookie: WMF-Uniq=31KpWg3Yg714i5SNCW1WMQL2AAAAAFvdcGXpzi93x9IQQ3wz-CRmWfWsKGWcWGaR;Domain=.wikidata.org;Path=/;HttpOnly;secure;SameSite=None;Expires=Thu, 28 Jan 2027 00:00:00 GMT
  content-length: 1423
  x-request-id: a6c76408-9fd3-4cf3-99bc-b42f96534075
  x-analytics: 
Length: 1423 (1.4K) [application/json]
Saving to: ‘/home/engine/project/data/semantic-web-snapshots/wikidata/Q7049221_Noncommutative_logic.json’

     0K .                                                     100%  559M=0s

2026-01-28 05:10:15 (559 MB/s) - ‘/home/engine/project/data/semantic-web-snapshots/wikidata/Q7049221_Noncommutative_logic.json’ saved [1423/1423]

